2015-12-11 12:25:08 INFO  Cart_Scenario:18 - The add_cart  scenario has startedGB_12 and 1.0
2015-12-11 12:27:31 INFO  Search_Scenario:40 - The Invalid Search  scenario has startedGB_08 and 1.0
2015-12-11 12:29:17 INFO  Login_Scenario:41 - The valid login scenario  has Started GB_07 and 2.0
2015-12-11 12:32:16 INFO  Login_Scenario:17 - The invalid login scenario has startedGB_01 and 1.0
2015-12-11 12:32:39 INFO  Login_Scenario:26 - The invalid login scenario validation has passed GB_01 and 1.0
2015-12-11 12:32:41 INFO  Login_Scenario:34 - The invalid login scenario  has completed GB_01 and 1.0
2015-12-11 12:32:41 INFO  Login_Scenario:17 - The invalid login scenario has startedGB_02 and 1.0
2015-12-11 12:33:01 INFO  Login_Scenario:26 - The invalid login scenario validation has passed GB_02 and 1.0
2015-12-11 12:33:03 INFO  Login_Scenario:34 - The invalid login scenario  has completed GB_02 and 1.0
2015-12-11 12:33:08 INFO  Login_Scenario:41 - The valid login scenario  has Started GB_07 and 2.0
2015-12-11 12:38:12 INFO  Cart_Scenario:18 - The add_cart  scenario has startedGB_12 and 1.0
2015-12-11 12:38:43 INFO  Cart_Scenario:81 - The delete_cart  scenario has CompletedGB_15 and 1.0
2015-12-11 12:39:16 INFO  Cart_Scenario:50 - The update_cart  scenario has CompletedGB_13 and 1.0
2015-12-11 12:39:46 INFO  Cart_Scenario:64 - The update_cart scenario validation has passed GB_13 and 1.0
2015-12-11 12:39:55 INFO  Cart_Scenario:75 - The update_cart  scenario has CompletedGB_13 and 1.0
2015-12-11 12:40:01 INFO  Login_Scenario:17 - The invalid login scenario has startedGB_01 and 1.0
2015-12-11 12:40:17 INFO  Login_Scenario:26 - The invalid login scenario validation has passed GB_01 and 1.0
2015-12-11 12:40:18 INFO  Login_Scenario:34 - The invalid login scenario  has completed GB_01 and 1.0
2015-12-11 12:40:18 INFO  Login_Scenario:17 - The invalid login scenario has startedGB_02 and 1.0
2015-12-11 12:40:34 INFO  Login_Scenario:26 - The invalid login scenario validation has passed GB_02 and 1.0
2015-12-11 12:40:35 INFO  Login_Scenario:34 - The invalid login scenario  has completed GB_02 and 1.0
2015-12-11 12:40:41 INFO  Login_Scenario:41 - The valid login scenario  has Started GB_07 and 2.0
2015-12-11 12:40:58 INFO  Login_Scenario:50 - The valid login scenario validation has passed GB_07 and 2.0
2015-12-11 12:40:59 INFO  Login_Scenario:59 - The valid login scenario  has completed GB_07 and 2.0
2015-12-11 12:41:02 INFO  Search_Scenario:40 - The Invalid Search  scenario has startedGB_08 and 1.0
2015-12-11 12:41:17 INFO  Search_Scenario:47 - The Invalid Search  scenario validation has passed GB_08 and 1.0
2015-12-11 12:41:19 INFO  Search_Scenario:56 - The Invalid Search  scenario has completedGB_08 and 1.0
2015-12-11 12:41:22 INFO  Search_Scenario:18 - The Valid Search  scenario has startedGB_09 and 1.0
2015-12-11 12:41:38 ERROR Search_Scenario:29 - The Valid Search  scenario validation has Failed GB_09 and 1.0
2015-12-11 12:41:41 INFO  Search_Scenario:34 - The Valid Search  scenario has completedGB_09 and 1.0
2015-12-11 12:41:41 INFO  Search_Scenario:18 - The Valid Search  scenario has startedGB_10 and 1.0
2015-12-11 12:42:02 ERROR Search_Scenario:29 - The Valid Search  scenario validation has Failed GB_10 and 1.0
2015-12-11 12:42:04 INFO  Search_Scenario:34 - The Valid Search  scenario has completedGB_10 and 1.0
2015-12-11 12:42:04 INFO  Search_Scenario:18 - The Valid Search  scenario has startedGB_11 and 1.0
2015-12-11 12:42:20 ERROR Search_Scenario:29 - The Valid Search  scenario validation has Failed GB_11 and 1.0
2015-12-11 12:42:21 INFO  Search_Scenario:34 - The Valid Search  scenario has completedGB_11 and 1.0
2015-12-11 12:51:08 INFO  Search_Scenario:18 - The Valid Search  scenario has startedGB_09 and 1.0
2015-12-11 12:51:34 ERROR Search_Scenario:29 - The Valid Search  scenario validation has Failed GB_09 and 1.0
2015-12-11 12:51:36 INFO  Search_Scenario:34 - The Valid Search  scenario has completedGB_09 and 1.0
2015-12-11 12:51:36 INFO  Search_Scenario:18 - The Valid Search  scenario has startedGB_10 and 1.0
2015-12-11 12:51:54 ERROR Search_Scenario:29 - The Valid Search  scenario validation has Failed GB_10 and 1.0
2015-12-11 12:51:56 INFO  Search_Scenario:34 - The Valid Search  scenario has completedGB_10 and 1.0
2015-12-11 12:51:56 INFO  Search_Scenario:18 - The Valid Search  scenario has startedGB_11 and 1.0
2015-12-11 12:52:10 ERROR Search_Scenario:29 - The Valid Search  scenario validation has Failed GB_11 and 1.0
2015-12-11 12:52:12 INFO  Search_Scenario:34 - The Valid Search  scenario has completedGB_11 and 1.0
2015-12-11 12:54:16 INFO  Cart_Scenario:81 - The delete_cart  scenario has CompletedGB_15 and 1.0
2015-12-11 12:54:51 INFO  Cart_Scenario:96 - The delete_cart scenario validation has passed GB_15 and 1.0
2015-12-11 12:54:57 INFO  Cart_Scenario:107 - The delete_cart  scenario has CompletedGB_15 and 1.0
2015-12-11 12:55:00 INFO  Cart_Scenario:50 - The update_cart  scenario has CompletedGB_13 and 1.0
2015-12-11 12:55:22 INFO  Cart_Scenario:64 - The update_cart scenario validation has passed GB_13 and 1.0
2015-12-11 12:55:31 INFO  Cart_Scenario:75 - The update_cart  scenario has CompletedGB_13 and 1.0
2015-12-11 12:56:43 INFO  Cart_Scenario:81 - The delete_cart  scenario has CompletedGB_15 and 1.0
2015-12-11 12:57:16 INFO  Cart_Scenario:96 - The delete_cart scenario validation has passed GB_15 and 1.0
2015-12-11 12:57:23 INFO  Cart_Scenario:107 - The delete_cart  scenario has CompletedGB_15 and 1.0
2015-12-11 12:57:26 INFO  Cart_Scenario:50 - The update_cart  scenario has CompletedGB_13 and 1.0
2015-12-11 12:57:47 INFO  Cart_Scenario:64 - The update_cart scenario validation has passed GB_13 and 1.0
2015-12-11 12:57:54 INFO  Cart_Scenario:75 - The update_cart  scenario has CompletedGB_13 and 1.0
2015-12-11 13:04:08 INFO  Login_Scenario:41 - The valid login scenario  has Started GB_07 and 2.0
2015-12-11 13:04:34 INFO  Login_Scenario:50 - The valid login scenario validation has passed GB_07 and 2.0
2015-12-11 13:04:36 INFO  Login_Scenario:59 - The valid login scenario  has completed GB_07 and 2.0
2015-12-11 13:06:36 INFO  Cart_Scenario:18 - The add_cart  scenario has startedGB_12 and 1.0
2015-12-11 13:07:01 INFO  Cart_Scenario:34 - The add_cart scenario validation has passed GB_12 and 1.0
2015-12-11 13:07:07 INFO  Cart_Scenario:44 - The add_cart  scenario has CompletedGB_12 and 1.0
2015-12-11 13:07:10 INFO  Cart_Scenario:81 - The delete_cart  scenario has CompletedGB_15 and 1.0
2015-12-11 13:07:38 INFO  Cart_Scenario:96 - The delete_cart scenario validation has passed GB_15 and 1.0
2015-12-11 13:07:45 INFO  Cart_Scenario:107 - The delete_cart  scenario has CompletedGB_15 and 1.0
2015-12-11 13:07:48 INFO  Cart_Scenario:50 - The update_cart  scenario has CompletedGB_13 and 1.0
2015-12-11 13:08:14 INFO  Cart_Scenario:64 - The update_cart scenario validation has passed GB_13 and 1.0
2015-12-11 13:08:20 INFO  Cart_Scenario:75 - The update_cart  scenario has CompletedGB_13 and 1.0
2015-12-11 13:08:25 INFO  Login_Scenario:17 - The invalid login scenario has startedGB_01 and 1.0
2015-12-11 13:08:41 INFO  Login_Scenario:26 - The invalid login scenario validation has passed GB_01 and 1.0
2015-12-11 13:08:42 INFO  Login_Scenario:34 - The invalid login scenario  has completed GB_01 and 1.0
2015-12-11 13:08:42 INFO  Login_Scenario:17 - The invalid login scenario has startedGB_02 and 1.0
2015-12-11 13:08:56 INFO  Login_Scenario:26 - The invalid login scenario validation has passed GB_02 and 1.0
2015-12-11 13:08:58 INFO  Login_Scenario:34 - The invalid login scenario  has completed GB_02 and 1.0
2015-12-11 13:09:04 INFO  Login_Scenario:41 - The valid login scenario  has Started GB_07 and 2.0
2015-12-11 13:09:19 INFO  Login_Scenario:50 - The valid login scenario validation has passed GB_07 and 2.0
2015-12-11 13:09:20 INFO  Login_Scenario:59 - The valid login scenario  has completed GB_07 and 2.0
2015-12-11 13:09:23 INFO  Search_Scenario:40 - The Invalid Search  scenario has startedGB_08 and 1.0
2015-12-11 13:09:45 INFO  Search_Scenario:47 - The Invalid Search  scenario validation has passed GB_08 and 1.0
2015-12-11 13:09:48 INFO  Search_Scenario:56 - The Invalid Search  scenario has completedGB_08 and 1.0
2015-12-11 13:09:51 INFO  Search_Scenario:18 - The Valid Search  scenario has startedGB_09 and 1.0
2015-12-11 13:10:05 ERROR Search_Scenario:29 - The Valid Search  scenario validation has Failed GB_09 and 1.0
2015-12-11 13:10:06 INFO  Search_Scenario:34 - The Valid Search  scenario has completedGB_09 and 1.0
2015-12-11 13:10:06 INFO  Search_Scenario:18 - The Valid Search  scenario has startedGB_10 and 1.0
2015-12-11 13:10:19 ERROR Search_Scenario:29 - The Valid Search  scenario validation has Failed GB_10 and 1.0
2015-12-11 13:10:20 INFO  Search_Scenario:34 - The Valid Search  scenario has completedGB_10 and 1.0
2015-12-11 13:10:20 INFO  Search_Scenario:18 - The Valid Search  scenario has startedGB_11 and 1.0
2015-12-11 13:10:35 ERROR Search_Scenario:29 - The Valid Search  scenario validation has Failed GB_11 and 1.0
2015-12-11 13:10:36 INFO  Search_Scenario:34 - The Valid Search  scenario has completedGB_11 and 1.0
2015-12-11 14:40:43 INFO  Login_Scenario:17 - The invalid login scenario has startedGB_01 and 1.0
2015-12-11 14:41:01 INFO  Login_Scenario:26 - The invalid login scenario validation has passed GB_01 and 1.0
2015-12-11 14:41:04 INFO  Login_Scenario:34 - The invalid login scenario  has completed GB_01 and 1.0
2015-12-11 14:41:04 INFO  Login_Scenario:17 - The invalid login scenario has startedGB_02 and 1.0
2015-12-11 14:41:22 INFO  Login_Scenario:26 - The invalid login scenario validation has passed GB_02 and 1.0
2015-12-11 14:41:23 INFO  Login_Scenario:34 - The invalid login scenario  has completed GB_02 and 1.0
2015-12-11 14:41:28 INFO  Login_Scenario:41 - The valid login scenario  has Started GB_07 and 2.0
2015-12-11 14:44:12 INFO  Cart_Scenario:18 - The add_cart  scenario has startedGB_12 and 1.0
2015-12-11 14:44:43 INFO  Cart_Scenario:81 - The delete_cart  scenario has CompletedGB_15 and 1.0
2015-12-11 14:45:18 INFO  Cart_Scenario:96 - The delete_cart scenario validation has passed GB_15 and 1.0
2015-12-11 14:45:26 INFO  Cart_Scenario:107 - The delete_cart  scenario has CompletedGB_15 and 1.0
2015-12-11 14:45:28 INFO  Cart_Scenario:50 - The update_cart  scenario has CompletedGB_13 and 1.0
2015-12-11 14:46:01 INFO  Cart_Scenario:64 - The update_cart scenario validation has passed GB_13 and 1.0
2015-12-11 14:46:09 INFO  Cart_Scenario:75 - The update_cart  scenario has CompletedGB_13 and 1.0
2015-12-11 14:46:14 INFO  Login_Scenario:17 - The invalid login scenario has startedGB_01 and 1.0
2015-12-11 14:46:27 INFO  Login_Scenario:26 - The invalid login scenario validation has passed GB_01 and 1.0
2015-12-11 14:46:29 INFO  Login_Scenario:34 - The invalid login scenario  has completed GB_01 and 1.0
2015-12-11 14:46:29 INFO  Login_Scenario:17 - The invalid login scenario has startedGB_02 and 1.0
2015-12-11 14:48:10 INFO  Login_Scenario:26 - The invalid login scenario validation has passed GB_02 and 1.0
2015-12-11 14:48:12 INFO  Login_Scenario:34 - The invalid login scenario  has completed GB_02 and 1.0
2015-12-11 14:48:17 INFO  Login_Scenario:41 - The valid login scenario  has Started GB_07 and 2.0
2015-12-11 14:48:54 INFO  Login_Scenario:50 - The valid login scenario validation has passed GB_07 and 2.0
2015-12-11 14:48:56 INFO  Login_Scenario:59 - The valid login scenario  has completed GB_07 and 2.0
2015-12-11 14:48:59 INFO  Search_Scenario:40 - The Invalid Search  scenario has startedGB_08 and 1.0
2015-12-11 14:49:22 INFO  Search_Scenario:47 - The Invalid Search  scenario validation has passed GB_08 and 1.0
2015-12-11 14:49:23 INFO  Search_Scenario:56 - The Invalid Search  scenario has completedGB_08 and 1.0
2015-12-11 14:49:26 INFO  Search_Scenario:18 - The Valid Search  scenario has startedGB_09 and 1.0
2015-12-11 14:51:40 INFO  Search_Scenario:18 - The Valid Search  scenario has startedGB_10 and 1.0
2015-12-11 14:52:01 ERROR Search_Scenario:29 - The Valid Search  scenario validation has Failed GB_10 and 1.0
2015-12-11 14:52:03 INFO  Search_Scenario:34 - The Valid Search  scenario has completedGB_10 and 1.0
2015-12-11 14:52:03 INFO  Search_Scenario:18 - The Valid Search  scenario has startedGB_11 and 1.0
2015-12-11 14:52:20 ERROR Search_Scenario:29 - The Valid Search  scenario validation has Failed GB_11 and 1.0
2015-12-11 14:52:22 INFO  Search_Scenario:34 - The Valid Search  scenario has completedGB_11 and 1.0
2015-12-11 15:00:07 INFO  Cart_Scenario:81 - The delete_cart  scenario has CompletedGB_15 and 1.0
2015-12-11 15:00:09 INFO  Cart_Scenario:50 - The update_cart  scenario has CompletedGB_13 and 1.0
2015-12-11 15:00:46 INFO  Cart_Scenario:64 - The update_cart scenario validation has passed GB_13 and 1.0
2015-12-11 15:00:54 INFO  Cart_Scenario:75 - The update_cart  scenario has CompletedGB_13 and 1.0
2015-12-11 15:01:29 INFO  Login_Scenario:41 - The valid login scenario  has Started GB_07 and 2.0
2015-12-11 15:01:46 INFO  Login_Scenario:50 - The valid login scenario validation has passed GB_07 and 2.0
2015-12-11 15:01:48 INFO  Login_Scenario:59 - The valid login scenario  has completed GB_07 and 2.0
2015-12-11 15:03:11 INFO  Search_Scenario:40 - The Invalid Search  scenario has startedGB_08 and 1.0
2015-12-11 15:03:16 INFO  Login_Scenario:41 - The valid login scenario  has Started GB_07 and 2.0
2015-12-11 15:03:28 INFO  Search_Scenario:47 - The Invalid Search  scenario validation has passed GB_08 and 1.0
2015-12-11 15:03:30 INFO  Search_Scenario:56 - The Invalid Search  scenario has completedGB_08 and 1.0
2015-12-11 15:03:34 INFO  Search_Scenario:18 - The Valid Search  scenario has startedGB_09 and 1.0
2015-12-11 15:03:43 INFO  Login_Scenario:50 - The valid login scenario validation has passed GB_07 and 2.0
2015-12-11 15:03:49 INFO  Login_Scenario:59 - The valid login scenario  has completed GB_07 and 2.0
2015-12-11 15:03:53 ERROR Search_Scenario:29 - The Valid Search  scenario validation has Failed GB_09 and 1.0
2015-12-11 15:03:54 INFO  Search_Scenario:34 - The Valid Search  scenario has completedGB_09 and 1.0
2015-12-11 15:03:54 INFO  Search_Scenario:18 - The Valid Search  scenario has startedGB_10 and 1.0
2015-12-11 15:04:13 ERROR Search_Scenario:29 - The Valid Search  scenario validation has Failed GB_10 and 1.0
2015-12-11 15:04:15 INFO  Search_Scenario:34 - The Valid Search  scenario has completedGB_10 and 1.0
2015-12-11 15:04:15 INFO  Search_Scenario:18 - The Valid Search  scenario has startedGB_11 and 1.0
2015-12-11 15:04:28 ERROR Search_Scenario:29 - The Valid Search  scenario validation has Failed GB_11 and 1.0
2015-12-11 15:04:30 INFO  Search_Scenario:34 - The Valid Search  scenario has completedGB_11 and 1.0
2015-12-11 15:06:57 INFO  Search_Scenario:40 - The Invalid Search  scenario has startedGB_08 and 1.0
2015-12-11 15:07:09 INFO  Search_Scenario:47 - The Invalid Search  scenario validation has passed GB_08 and 1.0
2015-12-11 15:07:11 INFO  Search_Scenario:56 - The Invalid Search  scenario has completedGB_08 and 1.0
2015-12-11 15:07:13 INFO  Search_Scenario:18 - The Valid Search  scenario has startedGB_09 and 1.0
2015-12-11 15:07:39 ERROR Search_Scenario:29 - The Valid Search  scenario validation has Failed GB_09 and 1.0
2015-12-11 15:07:41 INFO  Search_Scenario:34 - The Valid Search  scenario has completedGB_09 and 1.0
2015-12-11 15:07:41 INFO  Search_Scenario:18 - The Valid Search  scenario has startedGB_10 and 1.0
2015-12-11 15:10:28 INFO  Cart_Scenario:50 - The update_cart  scenario has CompletedGB_13 and 1.0
2015-12-11 15:10:31 INFO  Search_Scenario:18 - The Valid Search  scenario has startedGB_09 and 1.0
2015-12-11 15:11:04 ERROR Search_Scenario:29 - The Valid Search  scenario validation has Failed GB_09 and 1.0
2015-12-11 15:11:06 INFO  Search_Scenario:34 - The Valid Search  scenario has completedGB_09 and 1.0
2015-12-11 15:11:06 INFO  Search_Scenario:18 - The Valid Search  scenario has startedGB_10 and 1.0
2015-12-11 15:11:06 INFO  Cart_Scenario:64 - The update_cart scenario validation has passed GB_13 and 1.0
2015-12-11 15:11:14 INFO  Cart_Scenario:75 - The update_cart  scenario has CompletedGB_13 and 1.0
2015-12-11 15:11:24 ERROR Search_Scenario:29 - The Valid Search  scenario validation has Failed GB_10 and 1.0
2015-12-11 15:11:25 INFO  Search_Scenario:34 - The Valid Search  scenario has completedGB_10 and 1.0
2015-12-11 15:11:25 INFO  Search_Scenario:18 - The Valid Search  scenario has startedGB_11 and 1.0
2015-12-11 15:11:39 ERROR Search_Scenario:29 - The Valid Search  scenario validation has Failed GB_11 and 1.0
2015-12-11 15:11:40 INFO  Search_Scenario:34 - The Valid Search  scenario has completedGB_11 and 1.0
2015-12-11 15:15:56 INFO  Cart_Scenario:18 - The add_cart  scenario has startedGB_12 and 1.0
2015-12-11 15:16:22 INFO  Cart_Scenario:34 - The add_cart scenario validation has passed GB_12 and 1.0
2015-12-11 15:16:29 INFO  Cart_Scenario:44 - The add_cart  scenario has CompletedGB_12 and 1.0
2015-12-11 15:16:32 INFO  Cart_Scenario:81 - The delete_cart  scenario has CompletedGB_15 and 1.0
2015-12-11 15:17:51 INFO  Cart_Scenario:18 - The add_cart  scenario has startedGB_12 and 1.0
2015-12-11 15:17:55 INFO  Login_Scenario:41 - The valid login scenario  has Started GB_07 and 2.0
2015-12-11 15:18:22 INFO  Cart_Scenario:34 - The add_cart scenario validation has passed GB_12 and 1.0
2015-12-11 15:18:36 INFO  Login_Scenario:50 - The valid login scenario validation has passed GB_07 and 2.0
2015-12-11 15:18:38 INFO  Login_Scenario:59 - The valid login scenario  has completed GB_07 and 2.0
2015-12-11 15:18:41 INFO  Search_Scenario:40 - The Invalid Search  scenario has startedGB_08 and 1.0
2015-12-11 15:18:44 INFO  Cart_Scenario:44 - The add_cart  scenario has CompletedGB_12 and 1.0
2015-12-11 15:18:47 INFO  Cart_Scenario:81 - The delete_cart  scenario has CompletedGB_15 and 1.0
2015-12-11 15:18:57 INFO  Search_Scenario:47 - The Invalid Search  scenario validation has passed GB_08 and 1.0
2015-12-11 15:18:59 INFO  Search_Scenario:56 - The Invalid Search  scenario has completedGB_08 and 1.0
2015-12-11 15:19:03 INFO  Search_Scenario:18 - The Valid Search  scenario has startedGB_09 and 1.0
2015-12-11 15:19:19 ERROR Search_Scenario:29 - The Valid Search  scenario validation has Failed GB_09 and 1.0
2015-12-11 15:19:21 INFO  Search_Scenario:34 - The Valid Search  scenario has completedGB_09 and 1.0
2015-12-11 15:19:21 INFO  Search_Scenario:18 - The Valid Search  scenario has startedGB_10 and 1.0
2015-12-11 15:19:24 INFO  Cart_Scenario:96 - The delete_cart scenario validation has passed GB_15 and 1.0
2015-12-11 15:19:39 INFO  Cart_Scenario:107 - The delete_cart  scenario has CompletedGB_15 and 1.0
2015-12-11 15:19:40 ERROR Search_Scenario:29 - The Valid Search  scenario validation has Failed GB_10 and 1.0
2015-12-11 15:19:41 INFO  Search_Scenario:34 - The Valid Search  scenario has completedGB_10 and 1.0
2015-12-11 15:19:41 INFO  Search_Scenario:18 - The Valid Search  scenario has startedGB_11 and 1.0
2015-12-11 15:19:42 INFO  Cart_Scenario:50 - The update_cart  scenario has CompletedGB_13 and 1.0
2015-12-11 15:20:02 ERROR Search_Scenario:29 - The Valid Search  scenario validation has Failed GB_11 and 1.0
2015-12-11 15:20:04 INFO  Search_Scenario:34 - The Valid Search  scenario has completedGB_11 and 1.0
2015-12-11 15:21:31 INFO  Cart_Scenario:64 - The update_cart scenario validation has passed GB_13 and 1.0
2015-12-11 15:36:08 INFO  Login_Scenario:17 - The invalid login scenario has startedGB_01 and 1.0
2015-12-11 15:36:10 INFO  Cart_Scenario:50 - The update_cart  scenario has CompletedGB_13 and 1.0
2015-12-11 15:36:42 INFO  Login_Scenario:17 - The invalid login scenario has startedGB_02 and 1.0
2015-12-11 15:36:57 INFO  Search_Scenario:40 - The Invalid Search  scenario has startedGB_08 and 1.0
2015-12-11 15:37:16 INFO  Login_Scenario:41 - The valid login scenario  has Started GB_07 and 2.0
2015-12-11 15:37:30 INFO  Search_Scenario:18 - The Valid Search  scenario has startedGB_09 and 1.0
2015-12-11 15:38:08 ERROR Search_Scenario:29 - The Valid Search  scenario validation has Failed GB_09 and 1.0
2015-12-11 15:38:17 INFO  Search_Scenario:34 - The Valid Search  scenario has completedGB_09 and 1.0
2015-12-11 15:38:17 INFO  Search_Scenario:18 - The Valid Search  scenario has startedGB_10 and 1.0
2015-12-11 15:38:54 ERROR Search_Scenario:29 - The Valid Search  scenario validation has Failed GB_10 and 1.0
2015-12-11 15:38:56 INFO  Search_Scenario:34 - The Valid Search  scenario has completedGB_10 and 1.0
2015-12-11 15:38:56 INFO  Search_Scenario:18 - The Valid Search  scenario has startedGB_11 and 1.0
2015-12-11 15:39:19 ERROR Search_Scenario:29 - The Valid Search  scenario validation has Failed GB_11 and 1.0
2015-12-11 15:39:21 INFO  Search_Scenario:34 - The Valid Search  scenario has completedGB_11 and 1.0
2015-12-11 15:42:45 INFO  Search_Scenario:40 - The Invalid Search  scenario has startedGB_08 and 1.0
2015-12-11 15:43:01 INFO  Search_Scenario:47 - The Invalid Search  scenario validation has passed GB_08 and 1.0
2015-12-11 15:43:04 INFO  Search_Scenario:56 - The Invalid Search  scenario has completedGB_08 and 1.0
2015-12-11 15:43:07 INFO  Search_Scenario:18 - The Valid Search  scenario has startedGB_09 and 1.0
2015-12-11 15:43:22 ERROR Search_Scenario:29 - The Valid Search  scenario validation has Failed GB_09 and 1.0
2015-12-11 15:43:23 INFO  Search_Scenario:34 - The Valid Search  scenario has completedGB_09 and 1.0
2015-12-11 15:43:23 INFO  Search_Scenario:18 - The Valid Search  scenario has startedGB_10 and 1.0
2015-12-11 15:43:38 ERROR Search_Scenario:29 - The Valid Search  scenario validation has Failed GB_10 and 1.0
2015-12-11 15:43:40 INFO  Search_Scenario:34 - The Valid Search  scenario has completedGB_10 and 1.0
2015-12-11 15:43:40 INFO  Search_Scenario:18 - The Valid Search  scenario has startedGB_11 and 1.0
2015-12-11 15:43:54 ERROR Search_Scenario:29 - The Valid Search  scenario validation has Failed GB_11 and 1.0
2015-12-11 15:43:55 INFO  Search_Scenario:34 - The Valid Search  scenario has completedGB_11 and 1.0
2015-12-11 15:45:15 INFO  Cart_Scenario:18 - The add_cart  scenario has startedGB_12 and 1.0
2015-12-11 15:45:21 INFO  Login_Scenario:41 - The valid login scenario  has Started GB_07 and 2.0
2015-12-11 15:45:45 INFO  Cart_Scenario:34 - The add_cart scenario validation has passed GB_12 and 1.0
2015-12-11 15:45:52 INFO  Login_Scenario:50 - The valid login scenario validation has passed GB_07 and 2.0
2015-12-11 15:45:55 INFO  Login_Scenario:59 - The valid login scenario  has completed GB_07 and 2.0
2015-12-11 15:45:56 INFO  Cart_Scenario:44 - The add_cart  scenario has CompletedGB_12 and 1.0
2015-12-11 15:46:31 INFO  Cart_Scenario:81 - The delete_cart  scenario has CompletedGB_15 and 1.0
2015-12-11 15:46:33 INFO  Search_Scenario:18 - The Valid Search  scenario has startedGB_09 and 1.0
2015-12-11 15:47:03 ERROR Search_Scenario:29 - The Valid Search  scenario validation has Failed GB_09 and 1.0
2015-12-11 15:47:04 INFO  Cart_Scenario:96 - The delete_cart scenario validation has passed GB_15 and 1.0
2015-12-11 15:47:04 INFO  Search_Scenario:34 - The Valid Search  scenario has completedGB_09 and 1.0
2015-12-11 15:47:04 INFO  Search_Scenario:18 - The Valid Search  scenario has startedGB_10 and 1.0
2015-12-11 15:47:12 INFO  Cart_Scenario:107 - The delete_cart  scenario has CompletedGB_15 and 1.0
2015-12-11 15:47:17 INFO  Cart_Scenario:50 - The update_cart  scenario has CompletedGB_13 and 1.0
2015-12-11 15:47:20 ERROR Search_Scenario:29 - The Valid Search  scenario validation has Failed GB_10 and 1.0
2015-12-11 15:47:23 INFO  Search_Scenario:34 - The Valid Search  scenario has completedGB_10 and 1.0
2015-12-11 15:47:23 INFO  Search_Scenario:18 - The Valid Search  scenario has startedGB_11 and 1.0
2015-12-11 15:47:43 ERROR Search_Scenario:29 - The Valid Search  scenario validation has Failed GB_11 and 1.0
2015-12-11 15:47:44 INFO  Cart_Scenario:64 - The update_cart scenario validation has passed GB_13 and 1.0
2015-12-11 15:47:45 INFO  Search_Scenario:34 - The Valid Search  scenario has completedGB_11 and 1.0
2015-12-11 15:47:53 INFO  Cart_Scenario:75 - The update_cart  scenario has CompletedGB_13 and 1.0
2015-12-11 16:06:19 INFO  Cart_Scenario:18 - The add_cart  scenario has startedGB_12 and 1.0
2015-12-11 16:06:52 INFO  Cart_Scenario:81 - The delete_cart  scenario has CompletedGB_15 and 1.0
2015-12-11 16:07:26 INFO  Cart_Scenario:50 - The update_cart  scenario has CompletedGB_13 and 1.0
2015-12-11 16:07:55 INFO  Cart_Scenario:64 - The update_cart scenario validation has passed GB_13 and 1.0
2015-12-11 16:08:02 INFO  Cart_Scenario:75 - The update_cart  scenario has CompletedGB_13 and 1.0
2015-12-11 16:08:07 INFO  Login_Scenario:17 - The invalid login scenario has startedGB_01 and 1.0
2015-12-11 16:08:26 INFO  Login_Scenario:26 - The invalid login scenario validation has passed GB_01 and 1.0
2015-12-11 16:08:28 INFO  Login_Scenario:35 - The invalid login scenario  has completed GB_01 and 1.0
2015-12-11 16:08:28 INFO  Login_Scenario:17 - The invalid login scenario has startedGB_02 and 1.0
2015-12-11 16:08:44 INFO  Login_Scenario:26 - The invalid login scenario validation has passed GB_02 and 1.0
2015-12-11 16:08:45 INFO  Login_Scenario:35 - The invalid login scenario  has completed GB_02 and 1.0
2015-12-11 16:08:51 INFO  Login_Scenario:42 - The valid login scenario  has Started GB_07 and 2.0
2015-12-11 16:09:24 INFO  Search_Scenario:40 - The Invalid Search  scenario has startedGB_08 and 1.0
2015-12-11 16:09:38 INFO  Search_Scenario:47 - The Invalid Search  scenario validation has passed GB_08 and 1.0
2015-12-11 16:09:40 INFO  Search_Scenario:56 - The Invalid Search  scenario has completedGB_08 and 1.0
2015-12-11 16:09:42 INFO  Search_Scenario:18 - The Valid Search  scenario has startedGB_09 and 1.0
2015-12-11 16:09:58 ERROR Search_Scenario:29 - The Valid Search  scenario validation has Failed GB_09 and 1.0
2015-12-11 16:10:00 INFO  Search_Scenario:34 - The Valid Search  scenario has completedGB_09 and 1.0
2015-12-11 16:10:00 INFO  Search_Scenario:18 - The Valid Search  scenario has startedGB_10 and 1.0
2015-12-11 16:10:18 ERROR Search_Scenario:29 - The Valid Search  scenario validation has Failed GB_10 and 1.0
2015-12-11 16:10:20 INFO  Search_Scenario:34 - The Valid Search  scenario has completedGB_10 and 1.0
2015-12-11 16:10:20 INFO  Search_Scenario:18 - The Valid Search  scenario has startedGB_11 and 1.0
2015-12-11 16:10:34 ERROR Search_Scenario:29 - The Valid Search  scenario validation has Failed GB_11 and 1.0
2015-12-11 16:10:36 INFO  Search_Scenario:34 - The Valid Search  scenario has completedGB_11 and 1.0
2015-12-11 17:39:22 INFO  Cart_Scenario:18 - The add_cart  scenario has startedGB_12 and 1.0
2015-12-11 17:40:03 INFO  Cart_Scenario:35 - The add_cart scenario validation has passed GB_12 and 1.0
2015-12-11 17:40:11 INFO  Cart_Scenario:45 - The add_cart  scenario has CompletedGB_12 and 1.0
2015-12-11 17:40:14 INFO  Cart_Scenario:83 - The delete_cart  scenario has CompletedGB_15 and 1.0
2015-12-11 17:40:44 INFO  Cart_Scenario:99 - The delete_cart scenario validation has passed GB_15 and 1.0
2015-12-11 17:40:51 INFO  Cart_Scenario:110 - The delete_cart  scenario has CompletedGB_15 and 1.0
2015-12-11 17:40:54 INFO  Cart_Scenario:51 - The update_cart  scenario has CompletedGB_13 and 1.0
2015-12-11 17:41:24 INFO  Cart_Scenario:66 - The update_cart scenario validation has passed GB_13 and 1.0
2015-12-11 17:41:37 INFO  Cart_Scenario:77 - The update_cart  scenario has CompletedGB_13 and 1.0
2015-12-11 18:05:25 INFO  Cart_Scenario:19 - The add_cart  scenario has startedGB_12 and 1.0
2015-12-11 18:05:58 INFO  Cart_Scenario:86 - The delete_cart  scenario has CompletedGB_15 and 1.0
2015-12-11 18:06:27 INFO  Cart_Scenario:102 - The delete_cart scenario validation has passed GB_15 and 1.0
2015-12-11 18:06:35 INFO  Cart_Scenario:114 - The delete_cart  scenario has CompletedGB_15 and 1.0
2015-12-11 18:06:37 INFO  Cart_Scenario:53 - The update_cart  scenario has CompletedGB_13 and 1.0
2015-12-11 18:07:09 INFO  Cart_Scenario:68 - The update_cart scenario validation has passed GB_13 and 1.0
2015-12-11 18:07:22 INFO  Cart_Scenario:80 - The update_cart  scenario has CompletedGB_13 and 1.0
2015-12-11 18:07:28 INFO  Login_Scenario:18 - The invalid login scenario has startedGB_01 and 1.0
2015-12-11 18:07:47 INFO  Login_Scenario:27 - The invalid login scenario validation has passed GB_01 and 1.0
2015-12-11 18:07:49 INFO  Login_Scenario:36 - The invalid login scenario  has completed GB_01 and 1.0
2015-12-11 18:07:49 INFO  Login_Scenario:18 - The invalid login scenario has startedGB_02 and 1.0
2015-12-11 18:08:06 INFO  Login_Scenario:27 - The invalid login scenario validation has passed GB_02 and 1.0
2015-12-11 18:08:08 INFO  Login_Scenario:36 - The invalid login scenario  has completed GB_02 and 1.0
2015-12-11 18:08:14 INFO  Login_Scenario:43 - The valid login scenario  has Started GB_07 and 2.0
2015-12-11 18:08:35 INFO  Login_Scenario:52 - The valid login scenario validation has passed GB_07 and 2.0
2015-12-11 18:08:38 INFO  Login_Scenario:62 - The valid login scenario  has completed GB_07 and 2.0
2015-12-11 18:08:41 INFO  Search_Scenario:42 - The Invalid Search  scenario has startedGB_08 and 1.0
2015-12-11 18:08:59 INFO  Search_Scenario:49 - The Invalid Search  scenario validation has passed GB_08 and 1.0
2015-12-11 18:09:00 INFO  Search_Scenario:58 - The Invalid Search  scenario has completedGB_08 and 1.0
2015-12-11 18:09:04 INFO  Search_Scenario:19 - The Valid Search  scenario has startedGB_09 and 1.0
2015-12-11 18:09:23 ERROR Search_Scenario:30 - The Valid Search  scenario validation has Failed GB_09 and 1.0
2015-12-11 18:09:23 INFO  Search_Scenario:19 - The Valid Search  scenario has startedGB_10 and 1.0
2015-12-11 18:09:48 ERROR Search_Scenario:30 - The Valid Search  scenario validation has Failed GB_10 and 1.0
2015-12-11 18:09:49 INFO  Search_Scenario:19 - The Valid Search  scenario has startedGB_11 and 1.0
2015-12-11 18:10:08 ERROR Search_Scenario:30 - The Valid Search  scenario validation has Failed GB_11 and 1.0
2015-12-11 18:16:01 INFO  Cart_Scenario:19 - The add_cart  scenario has startedGB_12 and 1.0
2015-12-11 18:16:37 INFO  Cart_Scenario:36 - The add_cart scenario validation has passed GB_12 and 1.0
2015-12-11 18:16:46 INFO  Cart_Scenario:47 - The add_cart  scenario has CompletedGB_12 and 1.0
2015-12-11 18:16:50 INFO  Cart_Scenario:86 - The delete_cart  scenario has CompletedGB_15 and 1.0
2015-12-11 18:17:19 INFO  Cart_Scenario:102 - The delete_cart scenario validation has passed GB_15 and 1.0
2015-12-11 18:17:27 INFO  Cart_Scenario:114 - The delete_cart  scenario has CompletedGB_15 and 1.0
2015-12-11 18:17:31 INFO  Cart_Scenario:53 - The update_cart  scenario has CompletedGB_13 and 1.0
2015-12-11 18:17:59 INFO  Cart_Scenario:68 - The update_cart scenario validation has passed GB_13 and 1.0
2015-12-11 18:18:10 INFO  Cart_Scenario:80 - The update_cart  scenario has CompletedGB_13 and 1.0
2015-12-11 18:18:16 INFO  Login_Scenario:18 - The invalid login scenario has startedGB_01 and 1.0
2015-12-11 18:18:39 INFO  Login_Scenario:27 - The invalid login scenario validation has passed GB_01 and 1.0
2015-12-11 18:18:40 INFO  Login_Scenario:36 - The invalid login scenario  has completed GB_01 and 1.0
2015-12-11 18:18:40 INFO  Login_Scenario:18 - The invalid login scenario has startedGB_02 and 1.0
2015-12-11 18:19:00 INFO  Login_Scenario:27 - The invalid login scenario validation has passed GB_02 and 1.0
2015-12-11 18:19:03 INFO  Login_Scenario:36 - The invalid login scenario  has completed GB_02 and 1.0
2015-12-11 18:19:08 INFO  Login_Scenario:43 - The valid login scenario  has Started GB_07 and 2.0
2015-12-11 18:19:29 INFO  Login_Scenario:52 - The valid login scenario validation has passed GB_07 and 2.0
2015-12-11 18:19:31 INFO  Login_Scenario:62 - The valid login scenario  has completed GB_07 and 2.0
2015-12-11 18:19:34 INFO  Search_Scenario:43 - The Invalid Search  scenario has startedGB_08 and 1.0
2015-12-11 18:19:51 INFO  Search_Scenario:50 - The Invalid Search  scenario validation has passed GB_08 and 1.0
2015-12-11 18:19:52 INFO  Search_Scenario:60 - The Invalid Search  scenario has completedGB_08 and 1.0
2015-12-11 18:19:55 INFO  Search_Scenario:19 - The Valid Search  scenario has startedGB_09 and 1.0
2015-12-11 18:20:14 ERROR Search_Scenario:30 - The Valid Search  scenario validation has Failed GB_09 and 1.0
2015-12-11 18:20:16 INFO  Search_Scenario:19 - The Valid Search  scenario has startedGB_10 and 1.0
2015-12-11 18:20:35 ERROR Search_Scenario:30 - The Valid Search  scenario validation has Failed GB_10 and 1.0
2015-12-11 18:20:36 INFO  Search_Scenario:19 - The Valid Search  scenario has startedGB_11 and 1.0
2015-12-11 18:20:56 ERROR Search_Scenario:30 - The Valid Search  scenario validation has Failed GB_11 and 1.0
2015-12-11 18:27:45 INFO  Search_Scenario:19 - The Valid Search  scenario has startedGB_09 and 1.0
2015-12-11 18:28:02 ERROR Search_Scenario:30 - The Valid Search  scenario validation has Failed GB_09 and 1.0
2015-12-11 18:28:04 INFO  Search_Scenario:37 - The Valid Search  scenario has completedGB_09 and 1.0
2015-12-11 18:28:04 INFO  Search_Scenario:19 - The Valid Search  scenario has startedGB_10 and 1.0
2015-12-11 18:28:25 ERROR Search_Scenario:30 - The Valid Search  scenario validation has Failed GB_10 and 1.0
2015-12-11 18:28:27 INFO  Search_Scenario:37 - The Valid Search  scenario has completedGB_10 and 1.0
2015-12-11 18:28:27 INFO  Search_Scenario:19 - The Valid Search  scenario has startedGB_11 and 1.0
2015-12-11 18:28:42 ERROR Search_Scenario:30 - The Valid Search  scenario validation has Failed GB_11 and 1.0
2015-12-11 18:28:44 INFO  Search_Scenario:37 - The Valid Search  scenario has completedGB_11 and 1.0
2015-12-11 18:30:35 INFO  Search_Scenario:19 - The Valid Search  scenario has startedGB_09 and 1.0
2015-12-11 18:30:56 ERROR Search_Scenario:30 - The Valid Search  scenario validation has Failed GB_09 and 1.0
2015-12-11 18:30:58 INFO  Search_Scenario:19 - The Valid Search  scenario has startedGB_10 and 1.0
2015-12-11 18:31:17 ERROR Search_Scenario:30 - The Valid Search  scenario validation has Failed GB_10 and 1.0
2015-12-11 18:31:18 INFO  Search_Scenario:19 - The Valid Search  scenario has startedGB_11 and 1.0
2015-12-11 18:31:36 ERROR Search_Scenario:30 - The Valid Search  scenario validation has Failed GB_11 and 1.0
